#
# A fatal error has been detected by the Java Runtime Environment:
#
#  EXCEPTION_ACCESS_VIOLATION (0xc0000005) at pc=0x00000000, pid=3448, tid=1012
#
# JRE version: 6.0_25-b06
# Java VM: Java HotSpot(TM) Client VM (20.0-b11 mixed mode windows-x86 )
# Problematic frame:
# C  0x00000000
#
# If you would like to submit a bug report, please visit:
#   http://java.sun.com/webapps/bugreport/crash.jsp
# The crash happened outside the Java Virtual Machine in native code.
# See problematic frame for where to report the bug.
#

---------------  T H R E A D  ---------------

Current thread (0x17038c00):  JavaThread "AWT-Windows" daemon [_thread_in_native, id=1012, stack(0x172e0000,0x17330000)]

siginfo: ExceptionCode=0xc0000005, reading address 0x00000000

Registers:
EAX=0x1765e770, EBX=0x00000001, ECX=0x170a9d98, EDX=0x00000004
ESP=0x1732f840, EBP=0x1732f86c, ESI=0x17038d28, EDI=0x00000000
EIP=0x00000000, EFLAGS=0x00010297

Top of Stack: (sp=0x1732f840)
0x1732f840:   6d14c6df 1732f8d4 6d14c1e0 00000000
0x1732f850:   1732f860 6d8a2bc0 17038d28 1732f844
0x1732f860:   1732f8f0 6d170038 00000001 1732f898
0x1732f870:   7e418734 0016079a 00009819 170a9d98
0x1732f880:   00000000 6d14c1e0 dcbaabcd 00000000
0x1732f890:   1732f8d4 6d14c1e0 1732f900 7e418816
0x1732f8a0:   6d14c1e0 0016079a 00009819 170a9d98
0x1732f8b0:   00000000 00000000 0016079a 7e418a01 

Instructions: (pc=0x00000000)
0xffffffe0:   


Register to memory mapping:

EAX=0x1765e770 is an unknown value
EBX=0x00000001 is an unknown value
ECX=0x170a9d98 is an unknown value
EDX=0x00000004 is an unknown value
ESP=0x1732f840 is pointing into the stack for thread: 0x17038c00
EBP=0x1732f86c is pointing into the stack for thread: 0x17038c00
ESI=0x17038d28 is an unknown value
EDI=0x00000000 is an unknown value


Stack: [0x172e0000,0x17330000],  sp=0x1732f840,  free space=318k
Java frames: (J=compiled Java code, j=interpreted, Vv=VM code)
j  sun.awt.windows.WToolkit.eventLoop()V+0
j  sun.awt.windows.WToolkit.run()V+52
j  java.lang.Thread.run()V+11
v  ~StubRoutines::call_stub

---------------  P R O C E S S  ---------------

Java Threads: ( => current thread )
  0x16baec00 JavaThread "Thread-1" daemon [_thread_in_native, id=5656, stack(0x195b0000,0x19600000)]
  0x1762e000 JavaThread "TimerQueue" daemon [_thread_blocked, id=5756, stack(0x18ba0000,0x18bf0000)]
  0x002b7c00 JavaThread "DestroyJavaVM" [_thread_blocked, id=4880, stack(0x008c0000,0x00910000)]
  0x170c0c00 JavaThread "AWT-EventQueue-0" [_thread_blocked, id=3084, stack(0x17420000,0x17470000)]
=>0x17038c00 JavaThread "AWT-Windows" daemon [_thread_in_native, id=1012, stack(0x172e0000,0x17330000)]
  0x17037c00 JavaThread "AWT-Shutdown" [_thread_blocked, id=1748, stack(0x17290000,0x172e0000)]
  0x1703cc00 JavaThread "Java2D Disposer" daemon [_thread_in_native, id=3004, stack(0x17240000,0x17290000)]
  0x16b93800 JavaThread "Low Memory Detector" daemon [_thread_blocked, id=3156, stack(0x16ee0000,0x16f30000)]
  0x16b90c00 JavaThread "C1 CompilerThread0" daemon [_thread_blocked, id=2728, stack(0x16e90000,0x16ee0000)]
  0x16b89c00 JavaThread "JDWP Command Reader" daemon [_thread_in_native, id=1500, stack(0x16e40000,0x16e90000)]
  0x16b88000 JavaThread "JDWP Event Helper Thread" daemon [_thread_blocked, id=2184, stack(0x16df0000,0x16e40000)]
  0x16b85800 JavaThread "JDWP Transport Listener: dt_shmem" daemon [_thread_blocked, id=580, stack(0x16da0000,0x16df0000)]
  0x16b7a400 JavaThread "Attach Listener" daemon [_thread_blocked, id=6116, stack(0x16d30000,0x16d80000)]
  0x16b79000 JavaThread "Signal Dispatcher" daemon [_thread_blocked, id=3636, stack(0x16ce0000,0x16d30000)]
  0x16b6b000 JavaThread "Finalizer" daemon [_thread_in_native, id=4332, stack(0x16c90000,0x16ce0000)]
  0x16b66400 JavaThread "Reference Handler" daemon [_thread_blocked, id=3140, stack(0x16c40000,0x16c90000)]

Other Threads:
  0x16b62800 VMThread [stack: 0x16bf0000,0x16c40000] [id=2768]
  0x16b9e400 WatcherThread [stack: 0x16f30000,0x16f80000] [id=4596]

VM state:not at safepoint (normal execution)

VM Mutex/Monitor currently owned by a thread: None

Heap
 def new generation   total 4928K, used 385K [0x029b0000, 0x02f00000, 0x07f00000)
  eden space 4416K,   0% used [0x029b0000, 0x029ba248, 0x02e00000)
  from space 512K,  67% used [0x02e00000, 0x02e56368, 0x02e80000)
  to   space 512K,   0% used [0x02e80000, 0x02e80000, 0x02f00000)
 tenured generation   total 10944K, used 10860K [0x07f00000, 0x089b0000, 0x129b0000)
   the space 10944K,  99% used [0x07f00000, 0x0899b370, 0x0899b400, 0x089b0000)
 compacting perm gen  total 14336K, used 14214K [0x129b0000, 0x137b0000, 0x169b0000)
   the space 14336K,  99% used [0x129b0000, 0x137919d0, 0x13791a00, 0x137b0000)
No shared spaces configured.

Code Cache  [0x00930000, 0x00b68000, 0x02930000)
 total_blobs=1506 nmethods=1306 adapters=143 free_code_cache=31249728 largest_free_block=192

Dynamic libraries:
0x00400000 - 0x00424000 	C:\Program Files\Java\jdk1.6.0_25\jre\bin\java.exe
0x7c900000 - 0x7c9b2000 	C:\WINDOWS\system32\ntdll.dll
0x7c800000 - 0x7c8f6000 	C:\WINDOWS\system32\kernel32.dll
0x77dd0000 - 0x77e6b000 	C:\WINDOWS\system32\ADVAPI32.dll
0x77e70000 - 0x77f03000 	C:\WINDOWS\system32\RPCRT4.dll
0x77fe0000 - 0x77ff1000 	C:\WINDOWS\system32\Secur32.dll
0x7c340000 - 0x7c396000 	C:\Program Files\Java\jdk1.6.0_25\jre\bin\msvcr71.dll
0x6d8a0000 - 0x6db4f000 	C:\Program Files\Java\jdk1.6.0_25\jre\bin\client\jvm.dll
0x7e410000 - 0x7e4a1000 	C:\WINDOWS\system32\USER32.dll
0x77f10000 - 0x77f59000 	C:\WINDOWS\system32\GDI32.dll
0x76b40000 - 0x76b6d000 	C:\WINDOWS\system32\WINMM.dll
0x76390000 - 0x763ad000 	C:\WINDOWS\system32\IMM32.DLL
0x629c0000 - 0x629c9000 	C:\WINDOWS\system32\LPK.DLL
0x74d90000 - 0x74dfb000 	C:\WINDOWS\system32\USP10.dll
0x6fa00000 - 0x6fa3e000 	C:\PROGRA~1\Sophos\SOPHOS~1\SOPHOS~1.DLL
0x76bf0000 - 0x76bfb000 	C:\WINDOWS\system32\PSAPI.DLL
0x6d850000 - 0x6d85c000 	C:\Program Files\Java\jdk1.6.0_25\jre\bin\verify.dll
0x6d3d0000 - 0x6d3ef000 	C:\Program Files\Java\jdk1.6.0_25\jre\bin\java.dll
0x6d420000 - 0x6d449000 	C:\Program Files\Java\jdk1.6.0_25\jre\bin\jdwp.dll
0x6d740000 - 0x6d746000 	C:\Program Files\Java\jdk1.6.0_25\jre\bin\npt.dll
0x6d890000 - 0x6d89f000 	C:\Program Files\Java\jdk1.6.0_25\jre\bin\zip.dll
0x6d2a0000 - 0x6d2a8000 	C:\Program Files\Java\jdk1.6.0_25\jre\bin\dt_shmem.dll
0x6d0b0000 - 0x6d1fb000 	C:\Program Files\Java\jdk1.6.0_25\jre\bin\awt.dll
0x73000000 - 0x73026000 	C:\WINDOWS\system32\WINSPOOL.DRV
0x77c10000 - 0x77c68000 	C:\WINDOWS\system32\msvcrt.dll
0x774e0000 - 0x7761e000 	C:\WINDOWS\system32\ole32.dll
0x773d0000 - 0x774d3000 	C:\WINDOWS\WinSxS\x86_Microsoft.Windows.Common-Controls_6595b64144ccf1df_6.0.2600.6028_x-ww_61e65202\COMCTL32.dll
0x77f60000 - 0x77fd6000 	C:\WINDOWS\system32\SHLWAPI.dll
0x5ad70000 - 0x5ada8000 	C:\WINDOWS\system32\uxtheme.dll
0x6d2e0000 - 0x6d32f000 	C:\Program Files\Java\jdk1.6.0_25\jre\bin\fontmanager.dll
0x74720000 - 0x7476c000 	C:\WINDOWS\system32\MSCTF.dll
0x17370000 - 0x17394000 	C:\WINDOWS\system32\igfxdo.dll
0x77120000 - 0x771ab000 	C:\WINDOWS\system32\OLEAUT32.dll
0x77b40000 - 0x77b62000 	C:\WINDOWS\system32\apphelp.dll
0x755c0000 - 0x755ee000 	C:\WINDOWS\system32\msctfime.ime
0x475e0000 - 0x475fa000 	C:\WINDOWS\system32\imekr61.ime
0x7c9c0000 - 0x7d1d7000 	C:\WINDOWS\system32\SHELL32.dll
0x6d4f0000 - 0x6d515000 	C:\Program Files\Java\jdk1.6.0_25\jre\bin\jpeg.dll
0x17470000 - 0x17483000 	C:\WINDOWS\system32\btmmhook.dll
0x6d6b0000 - 0x6d6c3000 	C:\Program Files\Java\jdk1.6.0_25\jre\bin\net.dll
0x71ab0000 - 0x71ac7000 	C:\WINDOWS\system32\WS2_32.dll
0x71aa0000 - 0x71aa8000 	C:\WINDOWS\system32\WS2HELP.dll
0x6d6d0000 - 0x6d6d9000 	C:\Program Files\Java\jdk1.6.0_25\jre\bin\nio.dll
0x77920000 - 0x77a13000 	C:\WINDOWS\system32\SETUPAPI.dll
0x5b860000 - 0x5b8b5000 	C:\WINDOWS\system32\netapi32.dll
0x76fd0000 - 0x7704f000 	C:\WINDOWS\system32\CLBCATQ.DLL
0x77050000 - 0x77115000 	C:\WINDOWS\system32\COMRes.dll
0x77c00000 - 0x77c08000 	C:\WINDOWS\system32\VERSION.dll
0x17ab0000 - 0x17abc000 	C:\Program Files\Wave Systems Corp\Trusted Drive Manager\TdmIconOverlay.dll
0x7c630000 - 0x7c64b000 	C:\WINDOWS\WinSxS\x86_Microsoft.VC80.ATL_1fc8b3b9a1e18e3b_8.0.50727.6195_x-ww_a4c618fa\ATL80.DLL
0x7c420000 - 0x7c4a7000 	C:\WINDOWS\WinSxS\x86_Microsoft.VC80.CRT_1fc8b3b9a1e18e3b_8.0.50727.6195_x-ww_44262b86\MSVCP80.dll
0x78130000 - 0x781cb000 	C:\WINDOWS\WinSxS\x86_Microsoft.VC80.CRT_1fc8b3b9a1e18e3b_8.0.50727.6195_x-ww_44262b86\MSVCR80.dll
0x17c00000 - 0x17ec5000 	C:\WINDOWS\system32\xpsp2res.dll
0x17ed0000 - 0x17f2b000 	C:\Program Files\Common Files\Adobe\Acrobat\ActiveX\PDFShell.dll
0x71b20000 - 0x71b32000 	C:\WINDOWS\system32\MPR.dll
0x75f60000 - 0x75f67000 	C:\WINDOWS\System32\drprov.dll
0x71c10000 - 0x71c1e000 	C:\WINDOWS\System32\ntlanman.dll
0x71cd0000 - 0x71ce7000 	C:\WINDOWS\System32\NETUI0.dll
0x71c90000 - 0x71cd0000 	C:\WINDOWS\System32\NETUI1.dll
0x71c80000 - 0x71c87000 	C:\WINDOWS\System32\NETRAP.dll
0x71bf0000 - 0x71c03000 	C:\WINDOWS\System32\SAMLIB.dll
0x75f70000 - 0x75f7a000 	C:\WINDOWS\System32\davclnt.dll
0x17f30000 - 0x17f67000 	C:\WINDOWS\system32\NetProvCredMan.dll
0x76c30000 - 0x76c5e000 	C:\WINDOWS\system32\WINTRUST.dll
0x77a80000 - 0x77b15000 	C:\WINDOWS\system32\CRYPT32.dll
0x77b20000 - 0x77b32000 	C:\WINDOWS\system32\MSASN1.dll
0x76c90000 - 0x76cb8000 	C:\WINDOWS\system32\IMAGEHLP.dll
0x75970000 - 0x75a68000 	C:\WINDOWS\system32\MSGINA.dll
0x74320000 - 0x7435d000 	C:\WINDOWS\system32\ODBC32.dll
0x763b0000 - 0x763f9000 	C:\WINDOWS\system32\comdlg32.dll
0x769c0000 - 0x76a74000 	C:\WINDOWS\system32\USERENV.dll
0x76360000 - 0x76370000 	C:\WINDOWS\system32\WINSTA.dll
0x185d0000 - 0x185e7000 	C:\WINDOWS\system32\odbcint.dll
0x76980000 - 0x76988000 	C:\WINDOWS\system32\LINKINFO.dll
0x76990000 - 0x769b5000 	C:\WINDOWS\system32\ntshrui.dll
0x76b20000 - 0x76b31000 	C:\WINDOWS\system32\ATL.DLL
0x18d00000 - 0x18d0e000 	C:\Program Files\Dell\Dell ControlPoint\System Manager\dadkeyb.dll
0x78520000 - 0x785c3000 	C:\WINDOWS\WinSxS\x86_Microsoft.VC90.CRT_1fc8b3b9a1e18e3b_9.0.30729.4148_x-ww_d495ac4e\MSVCR90.dll
0x19210000 - 0x1921c000 	C:\Program Files\WIDCOMM\Bluetooth Software\btkeyind.dll
0x6d220000 - 0x6d24f000 	C:\Program Files\Java\jdk1.6.0_25\jre\bin\cmm.dll

VM Arguments:
jvm_args: -Xbootclasspath/p:C:\Documents and Settings\WHI\My Documents\MedPossport\MedPassport\${endorsed.classpath} -Xdebug -Xrunjdwp:transport=dt_shmem,address=javadebug -Dfile.encoding=UTF-8 
java_command: medpassport.MedPassportApp
Launcher Type: SUN_STANDARD

Environment Variables:
CLASSPATH=.;C:\Program Files\Java\jre6\lib\ext\QTJava.zip
PATH=C:\Program Files\MiKTeX 2.9\miktex\bin;C:\WINDOWS\system32;C:\WINDOWS;C:\WINDOWS\System32\Wbem;C:\Program Files\Intel\DMIX;C:\Program Files\NTRU Cryptosystems\NTRU TCG Software Stack\bin\;C:\Program Files\Wave Systems Corp\Gemalto\Access Client\v5\;C:\Program Files\Intel\WiFi\bin\;c:\Program Files\Microsoft SQL Server\90\Tools\binn\;C:\Program Files\MATLAB\R2008a\bin;C:\Program Files\MATLAB\R2008a\bin\win32;C:\Program Files\QuickTime\QTSystem\
USERNAME=WHI
OS=Windows_NT
PROCESSOR_IDENTIFIER=x86 Family 6 Model 23 Stepping 10, GenuineIntel



---------------  S Y S T E M  ---------------

OS: Windows XP Build 2600 Service Pack 3

CPU:total 2 (2 cores per cpu, 1 threads per core) family 6 model 23 stepping 10, cmov, cx8, fxsr, mmx, sse, sse2, sse3, ssse3, sse4.1

Memory: 4k page, physical 3620688k(1790348k free), swap 5546472k(3579176k free)

vm_info: Java HotSpot(TM) Client VM (20.0-b11) for windows-x86 JRE (1.6.0_25-b06), built on Apr 14 2011 01:04:32 by "java_re" with MS VC++ 7.1 (VS2003)

time: Mon Jun 27 23:07:57 2011
elapsed time: 47 seconds

